[macedo 15/04 2001] -----------------
    - os paths para os pipes estão definidos mas podem causar problemas
    - criei o user_pipe e o user já está a escrever no pipe
    - o auth manager tem acesso de leitura mas ainda não faz nada

[macedo 15/04 2009] -----------------
    - alterei os intervalos de tempo para os valores que sao recebidos
    - tambem verifica o numero de requests que pode fazer (ver comentario)

[macedo 16/04 1445] -----------------
    - adicionei a função de sigint e os catches no backofficeuser, mobileuser e systemmanager
    - TODO a função sigint não tem a limpeza dos recursos ainda

[macedo 17/04 0135] -----------------
    - backofficeuser agora envia os comandos pelo back_pipe

[macedo 18/04 0151] -----------------
    - monitor engine checka os plafonds e cria avisos, mas nao sei se está bem feito
    - criei a variavel usedData no mobileUser para ter acesso aos dados que ele ja usou
    - tambem adicionei o numero de users na sharedmemory
    - TODO por semaforos para aceder à sharedmemory

[macedo 19/04 1642] -----------------
    - processo do monitor engine criado e chama a sua funcao
    - monitor engine escreve alertas no log file

[macedo 22/04 1310] -----------------
    - ha alguma informacao no notes to self que eram cenas para eu nao me esquecer
    - a message queue deve estar feita, embora neste momento so seja usada para enviar e receber alertas
    - o envio e rececao podem estar errados
    - passei a criação dos pipes para uma funcao propria
    - adicionei alguns semaforos, tipo o da sharedmemory (que ja e usado em alguns sitios)
    - TODO eu depois de EA faço a funcao de fechar tudo
    - TODO fazer rececao e envio de estatisticas
    - a criacao da message queue pode n estar correta, eu fiz como a rita fez, mas nao sei para que é a key
